# JRE version: Java(TM) SE Runtime Environment (8.0_121-b13) (build 1.8.0_121-b13)
# Java VM: Java HotSpot(TM) 64-Bit Server VM (25.121-b13 mixed mode bsd-amd64 compressed oops)
Heap:
 PSYoungGen      total 52224K, used 29841K [0x0000000795580000, 0x0000000799380000, 0x00000007c0000000)
  eden space 40960K, 72% used [0x0000000795580000,0x00000007972a4668,0x0000000797d80000)
  from space 11264K, 0% used [0x0000000798880000,0x0000000798880000,0x0000000799380000)
  to   space 11264K, 0% used [0x0000000797d80000,0x0000000797d80000,0x0000000798880000)
 ParOldGen       total 60928K, used 9997K [0x0000000740000000, 0x0000000743b80000, 0x0000000795580000)
  object space 60928K, 16% used [0x0000000740000000,0x00000007409c3490,0x0000000743b80000)
 Metaspace       used 38712K, capacity 39289K, committed 39512K, reserved 1083392K
  class space    used 4589K, capacity 4894K, committed 4952K, reserved 1048576K
GC Heap History (10 events):
Event: 26.150 GC heap before
{Heap before GC invocations=12 (full 1):
 PSYoungGen      total 37376K, used 35004K [0x0000000795580000, 0x0000000798200000, 0x00000007c0000000)
  eden space 30208K, 100% used [0x0000000795580000,0x0000000797300000,0x0000000797300000)
  from space 7168K, 66% used [0x0000000797b00000,0x0000000797faf118,0x0000000798200000)
  to   space 7680K, 0% used [0x0000000797300000,0x0000000797300000,0x0000000797a80000)
 ParOldGen       total 40448K, used 5403K [0x0000000740000000, 0x0000000742780000, 0x0000000795580000)
  object space 40448K, 13% used [0x0000000740000000,0x0000000740546c70,0x0000000742780000)
 Metaspace       used 27814K, capacity 28139K, committed 28416K, reserved 1075200K
  class space    used 3124K, capacity 3216K, committed 3328K, reserved 1048576K
Event: 26.155 GC heap after
Heap after GC invocations=12 (full 1):
 PSYoungGen      total 37376K, used 7671K [0x0000000795580000, 0x0000000798480000, 0x00000007c0000000)
  eden space 29696K, 0% used [0x0000000795580000,0x0000000795580000,0x0000000797280000)
  from space 7680K, 99% used [0x0000000797300000,0x0000000797a7dfe8,0x0000000797a80000)
  to   space 9216K, 0% used [0x0000000797b80000,0x0000000797b80000,0x0000000798480000)
 ParOldGen       total 40448K, used 6866K [0x0000000740000000, 0x0000000742780000, 0x0000000795580000)
  object space 40448K, 16% used [0x0000000740000000,0x00000007406b4b58,0x0000000742780000)
 Metaspace       used 27814K, capacity 28139K, committed 28416K, reserved 1075200K
  class space    used 3124K, capacity 3216K, committed 3328K, reserved 1048576K
}
Event: 26.328 GC heap before
{Heap before GC invocations=13 (full 1):
 PSYoungGen      total 37376K, used 37367K [0x0000000795580000, 0x0000000798480000, 0x00000007c0000000)
  eden space 29696K, 100% used [0x0000000795580000,0x0000000797280000,0x0000000797280000)
  from space 7680K, 99% used [0x0000000797300000,0x0000000797a7dfe8,0x0000000797a80000)
  to   space 9216K, 0% used [0x0000000797b80000,0x0000000797b80000,0x0000000798480000)
 ParOldGen       total 40448K, used 6866K [0x0000000740000000, 0x0000000742780000, 0x0000000795580000)
  object space 40448K, 16% used [0x0000000740000000,0x00000007406b4b58,0x0000000742780000)
 Metaspace       used 27814K, capacity 28139K, committed 28416K, reserved 1075200K
  class space    used 3124K, capacity 3216K, committed 3328K, reserved 1048576K
Event: 26.337 GC heap after
Heap after GC invocations=13 (full 1):
 PSYoungGen      total 36352K, used 9203K [0x0000000795580000, 0x0000000799880000, 0x00000007c0000000)
  eden space 27136K, 0% used [0x0000000795580000,0x0000000795580000,0x0000000797000000)
  from space 9216K, 99% used [0x0000000797b80000,0x000000079847cd68,0x0000000798480000)
  to   space 11776K, 0% used [0x0000000797000000,0x0000000797000000,0x0000000797b80000)
 ParOldGen       total 40448K, used 10135K [0x0000000740000000, 0x0000000742780000, 0x0000000795580000)
  object space 40448K, 25% used [0x0000000740000000,0x00000007409e5da8,0x0000000742780000)
 Metaspace       used 27814K, capacity 28139K, committed 28416K, reserved 1075200K
  class space    used 3124K, capacity 3216K, committed 3328K, reserved 1048576K
}
Event: 26.941 GC heap before
{Heap before GC invocations=14 (full 1):
 PSYoungGen      total 36352K, used 36339K [0x0000000795580000, 0x0000000799880000, 0x00000007c0000000)
  eden space 27136K, 100% used [0x0000000795580000,0x0000000797000000,0x0000000797000000)
  from space 9216K, 99% used [0x0000000797b80000,0x000000079847cd68,0x0000000798480000)
  to   space 11776K, 0% used [0x0000000797000000,0x0000000797000000,0x0000000797b80000)
 ParOldGen       total 40448K, used 10135K [0x0000000740000000, 0x0000000742780000, 0x0000000795580000)
  object space 40448K, 25% used [0x0000000740000000,0x00000007409e5da8,0x0000000742780000)
 Metaspace       used 30948K, capacity 31255K, committed 31616K, reserved 1077248K
  class space    used 3539K, capacity 3636K, committed 3712K, reserved 1048576K
Event: 26.948 GC heap after
Heap after GC invocations=14 (full 1):
 PSYoungGen      total 38912K, used 6668K [0x0000000795580000, 0x0000000799380000, 0x00000007c0000000)
  eden space 27136K, 0% used [0x0000000795580000,0x0000000795580000,0x0000000797000000)
  from space 11776K, 56% used [0x0000000797000000,0x0000000797683120,0x0000000797b80000)
  to   space 11264K, 0% used [0x0000000798880000,0x0000000798880000,0x0000000799380000)
 ParOldGen       total 40448K, used 10143K [0x0000000740000000, 0x0000000742780000, 0x0000000795580000)
  object space 40448K, 25% used [0x0000000740000000,0x00000007409e7da8,0x0000000742780000)
 Metaspace       used 30948K, capacity 31255K, committed 31616K, reserved 1077248K
  class space    used 3539K, capacity 3636K, committed 3712K, reserved 1048576K
}
Event: 27.591 GC heap before
{Heap before GC invocations=15 (full 1):
 PSYoungGen      total 38912K, used 23328K [0x0000000795580000, 0x0000000799380000, 0x00000007c0000000)
  eden space 27136K, 61% used [0x0000000795580000,0x00000007965c4fa0,0x0000000797000000)
  from space 11776K, 56% used [0x0000000797000000,0x0000000797683120,0x0000000797b80000)
  to   space 11264K, 0% used [0x0000000798880000,0x0000000798880000,0x0000000799380000)
 ParOldGen       total 40448K, used 10143K [0x0000000740000000, 0x0000000742780000, 0x0000000795580000)
  object space 40448K, 25% used [0x0000000740000000,0x00000007409e7da8,0x0000000742780000)
 Metaspace       used 34854K, capacity 35203K, committed 35416K, reserved 1081344K
  class space    used 3998K, capacity 4118K, committed 4184K, reserved 1048576K
Event: 27.599 GC heap after
Heap after GC invocations=15 (full 1):
 PSYoungGen      total 52224K, used 3434K [0x0000000795580000, 0x0000000799380000, 0x00000007c0000000)
  eden space 40960K, 0% used [0x0000000795580000,0x0000000795580000,0x0000000797d80000)
  from space 11264K, 30% used [0x0000000798880000,0x0000000798bdab68,0x0000000799380000)
  to   space 11264K, 0% used [0x0000000797d80000,0x0000000797d80000,0x0000000798880000)
 ParOldGen       total 40448K, used 10888K [0x0000000740000000, 0x0000000742780000, 0x0000000795580000)
  object space 40448K, 26% used [0x0000000740000000,0x0000000740aa2150,0x0000000742780000)
 Metaspace       used 34854K, capacity 35203K, committed 35416K, reserved 1081344K
  class space    used 3998K, capacity 4118K, committed 4184K, reserved 1048576K
}
Event: 27.599 GC heap before
{Heap before GC invocations=16 (full 2):
 PSYoungGen      total 52224K, used 3434K [0x0000000795580000, 0x0000000799380000, 0x00000007c0000000)
  eden space 40960K, 0% used [0x0000000795580000,0x0000000795580000,0x0000000797d80000)
  from space 11264K, 30% used [0x0000000798880000,0x0000000798bdab68,0x0000000799380000)
  to   space 11264K, 0% used [0x0000000797d80000,0x0000000797d80000,0x0000000798880000)
 ParOldGen       total 40448K, used 10888K [0x0000000740000000, 0x0000000742780000, 0x0000000795580000)
  object space 40448K, 26% used [0x0000000740000000,0x0000000740aa2150,0x0000000742780000)
 Metaspace       used 34854K, capacity 35203K, committed 35416K, reserved 1081344K
  class space    used 3998K, capacity 4118K, committed 4184K, reserved 1048576K
Event: 27.655 GC heap after
Heap after GC invocations=16 (full 2):
 PSYoungGen      total 52224K, used 0K [0x0000000795580000, 0x0000000799380000, 0x00000007c0000000)
  eden space 40960K, 0% used [0x0000000795580000,0x0000000795580000,0x0000000797d80000)
  from space 11264K, 0% used [0x0000000798880000,0x0000000798880000,0x0000000799380000)
  to   space 11264K, 0% used [0x0000000797d80000,0x0000000797d80000,0x0000000798880000)
 ParOldGen       total 60928K, used 9997K [0x0000000740000000, 0x0000000743b80000, 0x0000000795580000)
  object space 60928K, 16% used [0x0000000740000000,0x00000007409c3490,0x0000000743b80000)
 Metaspace       used 34854K, capacity 35203K, committed 35416K, reserved 1081344K
  class space    used 3998K, capacity 4118K, committed 4184K, reserved 1048576K
}

