# JRE version: Java(TM) SE Runtime Environment (8.0_121-b13) (build 1.8.0_121-b13)
# Java VM: Java HotSpot(TM) 64-Bit Server VM (25.121-b13 mixed mode bsd-amd64 compressed oops)
Heap:
 PSYoungGen      total 128512K, used 58434K [0x0000000795580000, 0x000000079e600000, 0x00000007c0000000)
  eden space 111104K, 52% used [0x0000000795580000,0x0000000798e909f8,0x000000079c200000)
  from space 17408K, 0% used [0x000000079d280000,0x000000079d280000,0x000000079e380000)
  to   space 16896K, 0% used [0x000000079c200000,0x000000079c200000,0x000000079d280000)
 ParOldGen       total 72704K, used 10602K [0x0000000740000000, 0x0000000744700000, 0x0000000795580000)
  object space 72704K, 14% used [0x0000000740000000,0x0000000740a5a8f8,0x0000000744700000)
 Metaspace       used 38726K, capacity 39387K, committed 39512K, reserved 1083392K
  class space    used 4597K, capacity 4925K, committed 4952K, reserved 1048576K
GC Heap History (10 events):
Event: 12.726 GC heap before
{Heap before GC invocations=6 (full 1):
 PSYoungGen      total 69632K, used 5089K [0x0000000795580000, 0x000000079a180000, 0x00000007c0000000)
  eden space 64512K, 0% used [0x0000000795580000,0x0000000795580000,0x0000000799480000)
  from space 5120K, 99% used [0x0000000799680000,0x0000000799b785f8,0x0000000799b80000)
  to   space 6144K, 0% used [0x0000000799b80000,0x0000000799b80000,0x000000079a180000)
 ParOldGen       total 87552K, used 1563K [0x0000000740000000, 0x0000000745580000, 0x0000000795580000)
  object space 87552K, 1% used [0x0000000740000000,0x0000000740186c28,0x0000000745580000)
 Metaspace       used 20810K, capacity 21079K, committed 21248K, reserved 1069056K
  class space    used 2350K, capacity 2439K, committed 2560K, reserved 1048576K
Event: 12.761 GC heap after
Heap after GC invocations=6 (full 1):
 PSYoungGen      total 69632K, used 0K [0x0000000795580000, 0x000000079a180000, 0x00000007c0000000)
  eden space 64512K, 0% used [0x0000000795580000,0x0000000795580000,0x0000000799480000)
  from space 5120K, 0% used [0x0000000799680000,0x0000000799680000,0x0000000799b80000)
  to   space 6144K, 0% used [0x0000000799b80000,0x0000000799b80000,0x000000079a180000)
 ParOldGen       total 48640K, used 5973K [0x0000000740000000, 0x0000000742f80000, 0x0000000795580000)
  object space 48640K, 12% used [0x0000000740000000,0x00000007405d5458,0x0000000742f80000)
 Metaspace       used 20810K, capacity 21079K, committed 21248K, reserved 1069056K
  class space    used 2350K, capacity 2439K, committed 2560K, reserved 1048576K
}
Event: 13.688 GC heap before
{Heap before GC invocations=7 (full 1):
 PSYoungGen      total 69632K, used 64512K [0x0000000795580000, 0x000000079a180000, 0x00000007c0000000)
  eden space 64512K, 100% used [0x0000000795580000,0x0000000799480000,0x0000000799480000)
  from space 5120K, 0% used [0x0000000799680000,0x0000000799680000,0x0000000799b80000)
  to   space 6144K, 0% used [0x0000000799b80000,0x0000000799b80000,0x000000079a180000)
 ParOldGen       total 48640K, used 5973K [0x0000000740000000, 0x0000000742f80000, 0x0000000795580000)
  object space 48640K, 12% used [0x0000000740000000,0x00000007405d5458,0x0000000742f80000)
 Metaspace       used 27778K, capacity 28045K, committed 28416K, reserved 1075200K
  class space    used 3139K, capacity 3247K, committed 3328K, reserved 1048576K
Event: 13.703 GC heap after
Heap after GC invocations=7 (full 1):
 PSYoungGen      total 66048K, used 6142K [0x0000000795580000, 0x000000079de00000, 0x00000007c0000000)
  eden space 59904K, 0% used [0x0000000795580000,0x0000000795580000,0x0000000799000000)
  from space 6144K, 99% used [0x0000000799b80000,0x000000079a17f900,0x000000079a180000)
  to   space 11776K, 0% used [0x0000000799000000,0x0000000799000000,0x0000000799b80000)
 ParOldGen       total 48640K, used 14138K [0x0000000740000000, 0x0000000742f80000, 0x0000000795580000)
  object space 48640K, 29% used [0x0000000740000000,0x0000000740dceb88,0x0000000742f80000)
 Metaspace       used 27778K, capacity 28045K, committed 28416K, reserved 1075200K
  class space    used 3139K, capacity 3247K, committed 3328K, reserved 1048576K
}
Event: 14.501 GC heap before
{Heap before GC invocations=8 (full 1):
 PSYoungGen      total 66048K, used 66046K [0x0000000795580000, 0x000000079de00000, 0x00000007c0000000)
  eden space 59904K, 100% used [0x0000000795580000,0x0000000799000000,0x0000000799000000)
  from space 6144K, 99% used [0x0000000799b80000,0x000000079a17f900,0x000000079a180000)
  to   space 11776K, 0% used [0x0000000799000000,0x0000000799000000,0x0000000799b80000)
 ParOldGen       total 48640K, used 14138K [0x0000000740000000, 0x0000000742f80000, 0x0000000795580000)
  object space 48640K, 29% used [0x0000000740000000,0x0000000740dceb88,0x0000000742f80000)
 Metaspace       used 31907K, capacity 32261K, committed 32512K, reserved 1077248K
  class space    used 3680K, capacity 3797K, committed 3840K, reserved 1048576K
Event: 14.524 GC heap after
Heap after GC invocations=8 (full 1):
 PSYoungGen      total 71680K, used 11768K [0x0000000795580000, 0x000000079e380000, 0x00000007c0000000)
  eden space 59904K, 0% used [0x0000000795580000,0x0000000795580000,0x0000000799000000)
  from space 11776K, 99% used [0x0000000799000000,0x0000000799b7e1c8,0x0000000799b80000)
  to   space 17408K, 0% used [0x000000079d280000,0x000000079d280000,0x000000079e380000)
 ParOldGen       total 48640K, used 21706K [0x0000000740000000, 0x0000000742f80000, 0x0000000795580000)
  object space 48640K, 44% used [0x0000000740000000,0x0000000741532ae0,0x0000000742f80000)
 Metaspace       used 31907K, capacity 32261K, committed 32512K, reserved 1077248K
  class space    used 3680K, capacity 3797K, committed 3840K, reserved 1048576K
}
Event: 14.843 GC heap before
{Heap before GC invocations=9 (full 1):
 PSYoungGen      total 71680K, used 23911K [0x0000000795580000, 0x000000079e380000, 0x00000007c0000000)
  eden space 59904K, 20% used [0x0000000795580000,0x000000079615ba38,0x0000000799000000)
  from space 11776K, 99% used [0x0000000799000000,0x0000000799b7e1c8,0x0000000799b80000)
  to   space 17408K, 0% used [0x000000079d280000,0x000000079d280000,0x000000079e380000)
 ParOldGen       total 48640K, used 21706K [0x0000000740000000, 0x0000000742f80000, 0x0000000795580000)
  object space 48640K, 44% used [0x0000000740000000,0x0000000741532ae0,0x0000000742f80000)
 Metaspace       used 34926K, capacity 35301K, committed 35416K, reserved 1081344K
  class space    used 4023K, capacity 4149K, committed 4184K, reserved 1048576K
Event: 14.861 GC heap after
Heap after GC invocations=9 (full 1):
 PSYoungGen      total 128512K, used 4724K [0x0000000795580000, 0x000000079e600000, 0x00000007c0000000)
  eden space 111104K, 0% used [0x0000000795580000,0x0000000795580000,0x000000079c200000)
  from space 17408K, 27% used [0x000000079d280000,0x000000079d71d288,0x000000079e380000)
  to   space 16896K, 0% used [0x000000079c200000,0x000000079c200000,0x000000079d280000)
 ParOldGen       total 48640K, used 21714K [0x0000000740000000, 0x0000000742f80000, 0x0000000795580000)
  object space 48640K, 44% used [0x0000000740000000,0x0000000741534ae0,0x0000000742f80000)
 Metaspace       used 34926K, capacity 35301K, committed 35416K, reserved 1081344K
  class space    used 4023K, capacity 4149K, committed 4184K, reserved 1048576K
}
Event: 14.861 GC heap before
{Heap before GC invocations=10 (full 2):
 PSYoungGen      total 128512K, used 4724K [0x0000000795580000, 0x000000079e600000, 0x00000007c0000000)
  eden space 111104K, 0% used [0x0000000795580000,0x0000000795580000,0x000000079c200000)
  from space 17408K, 27% used [0x000000079d280000,0x000000079d71d288,0x000000079e380000)
  to   space 16896K, 0% used [0x000000079c200000,0x000000079c200000,0x000000079d280000)
 ParOldGen       total 48640K, used 21714K [0x0000000740000000, 0x0000000742f80000, 0x0000000795580000)
  object space 48640K, 44% used [0x0000000740000000,0x0000000741534ae0,0x0000000742f80000)
 Metaspace       used 34926K, capacity 35301K, committed 35416K, reserved 1081344K
  class space    used 4023K, capacity 4149K, committed 4184K, reserved 1048576K
Event: 14.901 GC heap after
Heap after GC invocations=10 (full 2):
 PSYoungGen      total 128512K, used 0K [0x0000000795580000, 0x000000079e600000, 0x00000007c0000000)
  eden space 111104K, 0% used [0x0000000795580000,0x0000000795580000,0x000000079c200000)
  from space 17408K, 0% used [0x000000079d280000,0x000000079d280000,0x000000079e380000)
  to   space 16896K, 0% used [0x000000079c200000,0x000000079c200000,0x000000079d280000)
 ParOldGen       total 72704K, used 10602K [0x0000000740000000, 0x0000000744700000, 0x0000000795580000)
  object space 72704K, 14% used [0x0000000740000000,0x0000000740a5a8f8,0x0000000744700000)
 Metaspace       used 34926K, capacity 35301K, committed 35416K, reserved 1081344K
  class space    used 4023K, capacity 4149K, committed 4184K, reserved 1048576K
}

