# JRE version: Java(TM) SE Runtime Environment (8.0_121-b13) (build 1.8.0_121-b13)
# Java VM: Java HotSpot(TM) 64-Bit Server VM (25.121-b13 mixed mode bsd-amd64 compressed oops)
Heap:
 PSYoungGen      total 122368K, used 32187K [0x0000000795580000, 0x00000007a1400000, 0x00000007c0000000)
  eden space 106496K, 30% used [0x0000000795580000,0x00000007974eeef0,0x000000079bd80000)
  from space 15872K, 0% used [0x000000079bd80000,0x000000079bd80000,0x000000079cd00000)
  to   space 15872K, 0% used [0x00000007a0480000,0x00000007a0480000,0x00000007a1400000)
 ParOldGen       total 75776K, used 9741K [0x0000000740000000, 0x0000000744a00000, 0x0000000795580000)
  object space 75776K, 12% used [0x0000000740000000,0x0000000740983720,0x0000000744a00000)
 Metaspace       used 38715K, capacity 39297K, committed 39512K, reserved 1083392K
  class space    used 4595K, capacity 4894K, committed 4952K, reserved 1048576K
GC Heap History (10 events):
Event: 17.464 GC heap before
{Heap before GC invocations=7 (full 1):
 PSYoungGen      total 68608K, used 5713K [0x0000000795580000, 0x000000079a180000, 0x00000007c0000000)
  eden space 62464K, 0% used [0x0000000795580000,0x0000000795580000,0x0000000799280000)
  from space 6144K, 92% used [0x0000000799b80000,0x000000079a114440,0x000000079a180000)
  to   space 6656K, 0% used [0x0000000799480000,0x0000000799480000,0x0000000799b00000)
 ParOldGen       total 87552K, used 2379K [0x0000000740000000, 0x0000000745580000, 0x0000000795580000)
  object space 87552K, 2% used [0x0000000740000000,0x0000000740252dc8,0x0000000745580000)
 Metaspace       used 20842K, capacity 21085K, committed 21248K, reserved 1069056K
  class space    used 2348K, capacity 2440K, committed 2560K, reserved 1048576K
Event: 17.510 GC heap after
Heap after GC invocations=7 (full 1):
 PSYoungGen      total 68608K, used 0K [0x0000000795580000, 0x000000079a180000, 0x00000007c0000000)
  eden space 62464K, 0% used [0x0000000795580000,0x0000000795580000,0x0000000799280000)
  from space 6144K, 0% used [0x0000000799b80000,0x0000000799b80000,0x000000079a180000)
  to   space 6656K, 0% used [0x0000000799480000,0x0000000799480000,0x0000000799b00000)
 ParOldGen       total 48640K, used 6069K [0x0000000740000000, 0x0000000742f80000, 0x0000000795580000)
  object space 48640K, 12% used [0x0000000740000000,0x00000007405ed408,0x0000000742f80000)
 Metaspace       used 20842K, capacity 21085K, committed 21248K, reserved 1069056K
  class space    used 2348K, capacity 2440K, committed 2560K, reserved 1048576K
}
Event: 18.290 GC heap before
{Heap before GC invocations=8 (full 1):
 PSYoungGen      total 68608K, used 62464K [0x0000000795580000, 0x000000079a180000, 0x00000007c0000000)
  eden space 62464K, 100% used [0x0000000795580000,0x0000000799280000,0x0000000799280000)
  from space 6144K, 0% used [0x0000000799b80000,0x0000000799b80000,0x000000079a180000)
  to   space 6656K, 0% used [0x0000000799480000,0x0000000799480000,0x0000000799b00000)
 ParOldGen       total 48640K, used 6069K [0x0000000740000000, 0x0000000742f80000, 0x0000000795580000)
  object space 48640K, 12% used [0x0000000740000000,0x00000007405ed408,0x0000000742f80000)
 Metaspace       used 27824K, capacity 28179K, committed 28416K, reserved 1075200K
  class space    used 3136K, capacity 3248K, committed 3328K, reserved 1048576K
Event: 18.302 GC heap after
Heap after GC invocations=8 (full 1):
 PSYoungGen      total 71168K, used 6637K [0x0000000795580000, 0x000000079d700000, 0x00000007c0000000)
  eden space 64512K, 0% used [0x0000000795580000,0x0000000795580000,0x0000000799480000)
  from space 6656K, 99% used [0x0000000799480000,0x0000000799afb728,0x0000000799b00000)
  to   space 10240K, 0% used [0x000000079cd00000,0x000000079cd00000,0x000000079d700000)
 ParOldGen       total 48640K, used 13043K [0x0000000740000000, 0x0000000742f80000, 0x0000000795580000)
  object space 48640K, 26% used [0x0000000740000000,0x0000000740cbcc30,0x0000000742f80000)
 Metaspace       used 27824K, capacity 28179K, committed 28416K, reserved 1075200K
  class space    used 3136K, capacity 3248K, committed 3328K, reserved 1048576K
}
Event: 18.996 GC heap before
{Heap before GC invocations=9 (full 1):
 PSYoungGen      total 71168K, used 71149K [0x0000000795580000, 0x000000079d700000, 0x00000007c0000000)
  eden space 64512K, 100% used [0x0000000795580000,0x0000000799480000,0x0000000799480000)
  from space 6656K, 99% used [0x0000000799480000,0x0000000799afb728,0x0000000799b00000)
  to   space 10240K, 0% used [0x000000079cd00000,0x000000079cd00000,0x000000079d700000)
 ParOldGen       total 48640K, used 13043K [0x0000000740000000, 0x0000000742f80000, 0x0000000795580000)
  object space 48640K, 26% used [0x0000000740000000,0x0000000740cbcc30,0x0000000742f80000)
 Metaspace       used 32454K, capacity 32843K, committed 33152K, reserved 1079296K
  class space    used 3740K, capacity 3862K, committed 3968K, reserved 1048576K
Event: 19.019 GC heap after
Heap after GC invocations=9 (full 1):
 PSYoungGen      total 116736K, used 10235K [0x0000000795580000, 0x000000079e980000, 0x00000007c0000000)
  eden space 106496K, 0% used [0x0000000795580000,0x0000000795580000,0x000000079bd80000)
  from space 10240K, 99% used [0x000000079cd00000,0x000000079d6fec38,0x000000079d700000)
  to   space 15872K, 0% used [0x000000079bd80000,0x000000079bd80000,0x000000079cd00000)
 ParOldGen       total 48640K, used 23199K [0x0000000740000000, 0x0000000742f80000, 0x0000000795580000)
  object space 48640K, 47% used [0x0000000740000000,0x00000007416a7f10,0x0000000742f80000)
 Metaspace       used 32454K, capacity 32843K, committed 33152K, reserved 1079296K
  class space    used 3740K, capacity 3862K, committed 3968K, reserved 1048576K
}
Event: 19.246 GC heap before
{Heap before GC invocations=10 (full 1):
 PSYoungGen      total 116736K, used 20559K [0x0000000795580000, 0x000000079e980000, 0x00000007c0000000)
  eden space 106496K, 9% used [0x0000000795580000,0x0000000795f95298,0x000000079bd80000)
  from space 10240K, 99% used [0x000000079cd00000,0x000000079d6fec38,0x000000079d700000)
  to   space 15872K, 0% used [0x000000079bd80000,0x000000079bd80000,0x000000079cd00000)
 ParOldGen       total 48640K, used 23199K [0x0000000740000000, 0x0000000742f80000, 0x0000000795580000)
  object space 48640K, 47% used [0x0000000740000000,0x00000007416a7f10,0x0000000742f80000)
 Metaspace       used 34873K, capacity 35211K, committed 35416K, reserved 1081344K
  class space    used 4008K, capacity 4118K, committed 4184K, reserved 1048576K
Event: 19.254 GC heap after
Heap after GC invocations=10 (full 1):
 PSYoungGen      total 122368K, used 4291K [0x0000000795580000, 0x00000007a1400000, 0x00000007c0000000)
  eden space 106496K, 0% used [0x0000000795580000,0x0000000795580000,0x000000079bd80000)
  from space 15872K, 27% used [0x000000079bd80000,0x000000079c1b0e48,0x000000079cd00000)
  to   space 15872K, 0% used [0x00000007a0480000,0x00000007a0480000,0x00000007a1400000)
 ParOldGen       total 48640K, used 23207K [0x0000000740000000, 0x0000000742f80000, 0x0000000795580000)
  object space 48640K, 47% used [0x0000000740000000,0x00000007416a9f10,0x0000000742f80000)
 Metaspace       used 34873K, capacity 35211K, committed 35416K, reserved 1081344K
  class space    used 4008K, capacity 4118K, committed 4184K, reserved 1048576K
}
Event: 19.254 GC heap before
{Heap before GC invocations=11 (full 2):
 PSYoungGen      total 122368K, used 4291K [0x0000000795580000, 0x00000007a1400000, 0x00000007c0000000)
  eden space 106496K, 0% used [0x0000000795580000,0x0000000795580000,0x000000079bd80000)
  from space 15872K, 27% used [0x000000079bd80000,0x000000079c1b0e48,0x000000079cd00000)
  to   space 15872K, 0% used [0x00000007a0480000,0x00000007a0480000,0x00000007a1400000)
 ParOldGen       total 48640K, used 23207K [0x0000000740000000, 0x0000000742f80000, 0x0000000795580000)
  object space 48640K, 47% used [0x0000000740000000,0x00000007416a9f10,0x0000000742f80000)
 Metaspace       used 34873K, capacity 35211K, committed 35416K, reserved 1081344K
  class space    used 4008K, capacity 4118K, committed 4184K, reserved 1048576K
Event: 19.298 GC heap after
Heap after GC invocations=11 (full 2):
 PSYoungGen      total 122368K, used 0K [0x0000000795580000, 0x00000007a1400000, 0x00000007c0000000)
  eden space 106496K, 0% used [0x0000000795580000,0x0000000795580000,0x000000079bd80000)
  from space 15872K, 0% used [0x000000079bd80000,0x000000079bd80000,0x000000079cd00000)
  to   space 15872K, 0% used [0x00000007a0480000,0x00000007a0480000,0x00000007a1400000)
 ParOldGen       total 75776K, used 9741K [0x0000000740000000, 0x0000000744a00000, 0x0000000795580000)
  object space 75776K, 12% used [0x0000000740000000,0x0000000740983720,0x0000000744a00000)
 Metaspace       used 34873K, capacity 35211K, committed 35416K, reserved 1081344K
  class space    used 4008K, capacity 4118K, committed 4184K, reserved 1048576K
}

